<?xml version="1.0" encoding="UTF-8"?>
<testng-results skipped="0" failed="0" ignored="0" total="1" passed="1">
  <reporter-output>
  </reporter-output>
  <suite name="Suite" duration-ms="41678" started-at="2019-04-05T12:57:54Z" finished-at="2019-04-05T12:58:36Z">
    <groups>
    </groups>
    <test name="Test" duration-ms="41678" started-at="2019-04-05T12:57:54Z" finished-at="2019-04-05T12:58:36Z">
      <class name="Test1.sample">
        <test-method status="PASS" signature="m()[pri:0, instance:Test1.sample@62ee68d8]" name="m" duration-ms="41649" started-at="2019-04-05T12:57:54Z" finished-at="2019-04-05T12:58:36Z">
          <reporter-output>
          </reporter-output>
        </test-method> <!-- m -->
      </class> <!-- Test1.sample -->
    </test> <!-- Test -->
  </suite> <!-- Suite -->
</testng-results>
